nohup: 입력 무시
✅ Firebase Admin SDK 초기화 성공
✅ 메시지 자동 정리 스케줄러 설정 완료 (매일 자정 실행)
✅ Let's Encrypt SSL 인증서 감지 (프로덕션)
✅ HTTPS 인증서 로드 완료 (WSS 모바일 알림 지원)
node:events:486
      throw er; // Unhandled 'error' event
      ^

Error: listen EADDRINUSE: address already in use 0.0.0.0:3000
    at Server.setupListenHandle [as _listen2] (node:net:1940:16)
    at listenInCluster (node:net:1997:12)
    at node:net:2206:7
    at process.processTicksAndRejections (node:internal/process/task_queues:89:21)
Emitted 'error' event on WebSocketServer instance at:
    at Server.emit (node:events:508:28)
    at emitErrorNT (node:net:1976:8)
    at process.processTicksAndRejections (node:internal/process/task_queues:89:21) {
  code: 'EADDRINUSE',
  errno: -98,
  syscall: 'listen',
  address: '0.0.0.0',
  port: 3000
}

Node.js v24.13.0
